<?xml version="1.0" encoding="UTF-8"?>
<!-- Generated by org.testng.reporters.JUnitReportReporter -->
<testsuite hostname="Nikita" failures="0" tests="1" name="TestRunner.RunnerTest" time="27.469" errors="0" timestamp="2023-08-11T10:58:31 IST" skipped="0">
  <testcase classname="TestRunner.RunnerTest" name="runScenario" time="27.469"/>
  <system-out/>
</testsuite> <!-- TestRunner.RunnerTest -->
